<?xml version="1.0" encoding="UTF-8"?>
<!-- Generated by org.testng.reporters.JUnitReportReporter -->
<testsuite hostname="Emir-TOSH" failures="0" tests="1" name="dataDriven.excelDataProvider.AppTest" time="0.038" errors="0" timestamp="2022-12-26T12:29:26 CET" skipped="0">
  <testcase classname="dataDriven.excelDataProvider.AppTest" name="shouldAnswerWithTrue" time="0.038"/>
  <system-out/>
</testsuite> <!-- dataDriven.excelDataProvider.AppTest -->
