<?xml version="1.0" encoding="UTF-8"?>
<!-- Generated by org.testng.reporters.JUnitReportReporter -->
<testsuite hostname="Emir-TOSH" failures="0" tests="3" name="dataDriven.excelDataProvider.dataProvide" time="0.020" errors="0" timestamp="2022-12-27T10:02:19 CET" skipped="0">
  <testcase classname="dataDriven.excelDataProvider.dataProvide" name="testCaseData" time="0.002"/>
  <system-out/>
  <testcase classname="dataDriven.excelDataProvider.dataProvide" name="testCaseData" time="0.012"/>
  <system-out/>
  <testcase classname="dataDriven.excelDataProvider.dataProvide" name="testCaseData" time="0.006"/>
  <system-out/>
</testsuite> <!-- dataDriven.excelDataProvider.dataProvide -->
